<?xml version="1.0" encoding="UTF-8"?>
<testsuite name="Add to numbers" tests="1" skipped="0" failures="0" errors="0" timestamp="2020-03-31T18:53:15" hostname="CHMEPPF0I6LTM" time="14.944">
  <properties/>
  <testcase name="Add two numbers" classname="Add to numbers" time="14.944"/>
  <system-out><![CDATA[]]></system-out>
  <system-err><![CDATA[mar 31, 2020 1:53:20 PM io.appium.java_client.remote.AppiumCommandExecutor$1 lambda$0
INFORMACIÓN: Detected dialect: OSS
[Test worker] INFO net.thucydides.core.steps.ConsoleLoggingListener - 
        __    _____ _____ ____ _____   ____   _    ____  ____  _____ ____  
  _     \ \  |_   _| ____/ ___|_   _| |  _ \ / \  / ___|/ ___|| ____|  _ \ 
 (_)_____| |   | | |  _| \___ \ | |   | |_) / _ \ \___ \\___ \|  _| | | | |
  _|_____| |   | | | |___ ___) || |   |  __/ ___ \ ___) |___) | |___| |_| |
 (_)     | |   |_| |_____|____/ |_|   |_| /_/   \_\____/|____/|_____|____/ 
        /_/                                                                

TEST PASSED: Add two numbers
----------------------------------------------------------------------------
]]></system-err>
</testsuite>
