<?xml version="1.0" encoding="UTF-8"?><testsuite errors="0" failures="1" name="Add to numbers" skipped="0" tests="3" time="42.18" timestamp="2020-03-31 03:14:17"><testcase name="Add two numbers"><failure message="Expected is add&#10;Expected: is &lt;true&gt;&#10;     but: was &lt;false&gt;" type="java.lang.AssertionError">Expected is add
Expected: is &lt;true&gt;
     but: was &lt;false&gt;</failure><system-err>Expected is add
Expected: is &lt;true&gt;
     but: was &lt;false&gt;&#13;
co.com.choucair.winappdriver.flightgui.stepdefinitions.AddSteps.heShouldSeeTheTotal(AddSteps.java:23)&#13;
âœ½.He should see the total 17(src/test/resources/features/add.feature:13)&#13;
</system-err></testcase></testsuite>